<?xml version="1.0" encoding="UTF-8"?>
<!-- Generated by org.testng.reporters.JUnitReportReporter -->
<testsuite skipped="0" hostname="kiprosh" name="com.realvolve_test.BillingListTest" tests="2" failures="0" timestamp="21 Dec 2017 14:37:10 GMT" time="10.008" errors="0">
  <testcase name="selectMon" time="5.037" classname="com.realvolve_test.BillingListTest"/>
  <testcase name="selectYear" time="4.971" classname="com.realvolve_test.BillingListTest"/>
</testsuite> <!-- com.realvolve_test.BillingListTest -->
