<?xml version="1.0" encoding="UTF-8"?>
<!-- Generated by org.testng.reporters.JUnitReportReporter -->
<testsuite skipped="0" hostname="kiprosh" name="com.realvolve_test.RealVolveSignUpTest" tests="1" failures="0" timestamp="21 Dec 2017 14:10:19 GMT" time="9.247" errors="0">
  <testcase name="enterBrand" time="9.247" classname="com.realvolve_test.RealVolveSignUpTest"/>
</testsuite> <!-- com.realvolve_test.RealVolveSignUpTest -->
