<?xml version="1.0" encoding="UTF-8"?>
<!-- Generated by org.testng.reporters.JUnitReportReporter -->
<testsuite skipped="0" hostname="kiprosh" name="com.trackive_test.HelptTest" tests="1" failures="0" timestamp="27 Dec 2017 06:34:45 GMT" time="13.217" errors="0">
  <testcase name="enterHelpNeed" time="13.217" classname="com.trackive_test.HelptTest"/>
</testsuite> <!-- com.trackive_test.HelptTest -->
