<?xml version="1.0" encoding="UTF-8"?>
<!-- Generated by org.testng.reporters.JUnitReportReporter -->
<testsuite skipped="0" hostname="kiprosh" name="com.trackive_test.AccomplishTest" tests="3" failures="0" timestamp="22 Dec 2017 07:38:51 GMT" time="18.881" errors="0">
  <testcase name="avalidLogin" time="0.733" classname="com.trackive_test.AccomplishTest"/>
  <testcase name="enterTask" time="11.148" classname="com.trackive_test.AccomplishTest"/>
  <testcase name="enterTask2" time="7.000" classname="com.trackive_test.AccomplishTest"/>
</testsuite> <!-- com.trackive_test.AccomplishTest -->
