<?xml version="1.0" encoding="UTF-8"?>
<!-- Generated by org.testng.reporters.JUnitReportReporter -->
<testsuite skipped="0" hostname="kiprosh" name="com.trackive_test.MeetingTest" tests="1" failures="0" timestamp="27 Dec 2017 07:28:26 GMT" time="12.860" errors="0">
  <testcase name="enterMeeting" time="12.860" classname="com.trackive_test.MeetingTest"/>
</testsuite> <!-- com.trackive_test.MeetingTest -->
