<?xml version="1.0" encoding="UTF-8"?>
<!-- Generated by org.testng.reporters.JUnitReportReporter -->
<testsuite skipped="0" name="com.trackive_test.ProfileSignOutTest" tests="1" failures="0" timestamp="26 Dec 2017 14:52:02 GMT" time="5.606" errors="0">
  <testcase name="clickSignOut" time="5.606" classname="com.trackive_test.ProfileSignOutTest"/>
</testsuite> <!-- com.trackive_test.ProfileSignOutTest -->
