<?xml version="1.0" encoding="UTF-8"?>
<!-- Generated by org.testng.reporters.JUnitReportReporter -->
<testsuite skipped="0" hostname="kiprosh" name="com.trackive_test.ProfileSettingTest" tests="2" failures="0" timestamp="27 Dec 2017 06:20:49 GMT" time="8.828" errors="0">
  <testcase name="clickSettting" time="4.101" classname="com.trackive_test.ProfileSettingTest"/>
  <testcase name="changePwd" time="4.727" classname="com.trackive_test.ProfileSettingTest"/>
</testsuite> <!-- com.trackive_test.ProfileSettingTest -->
