<?xml version="1.0" encoding="UTF-8"?>
<!-- Generated by org.testng.reporters.JUnitReportReporter -->
<testsuite skipped="0" hostname="kiprosh" name="com.trackive_staging_test.completeTasksTest" tests="1" failures="0" timestamp="08 Jan 2018 11:59:16 GMT" time="5.582" errors="0">
  <testcase name="completeTheTask" time="5.582" classname="com.trackive_staging_test.completeTasksTest"/>
</testsuite> <!-- com.trackive_staging_test.completeTasksTest -->
