<?xml version="1.0" encoding="UTF-8"?>
<!-- Generated by org.testng.reporters.JUnitReportReporter -->
<testsuite skipped="0" hostname="kiprosh" name="com.trackive_staging_test.taskCreationTest" tests="1" failures="0" timestamp="08 Jan 2018 07:47:39 GMT" time="6.612" errors="0">
  <testcase name="enterTask" time="6.612" classname="com.trackive_staging_test.taskCreationTest"/>
</testsuite> <!-- com.trackive_staging_test.taskCreationTest -->
