<?xml version="1.0" encoding="UTF-8"?>
<!-- Generated by org.testng.reporters.JUnitReportReporter -->
<testsuite skipped="0" hostname="kiprosh" name="test.SupportTest" tests="2" failures="0" timestamp="20 Dec 2017 06:54:09 GMT" time="4.490" errors="0">
  <testcase name="move" time="2.357" classname="test.SupportTest"/>
  <testcase name="clickOnWebCrawling" time="2.133" classname="test.SupportTest"/>
</testsuite> <!-- test.SupportTest -->
