<?xml version="1.0" encoding="UTF-8"?>
<!-- Generated by org.testng.reporters.JUnitReportReporter -->
<testsuite skipped="0" hostname="Kiproshs-MacBook-Pro.local" name="com.trackive_next_test.SignUpError4_Test" tests="2" failures="0" timestamp="08 Dec 2017 10:02:02 GMT" time="4.829" errors="0">
  <testcase name="pwdLength2" time="2.184" classname="com.trackive_next_test.SignUpError4_Test"/>
  <testcase name="pwdLength1" time="2.645" classname="com.trackive_next_test.SignUpError4_Test"/>
</testsuite> <!-- com.trackive_next_test.SignUpError4_Test -->
