<?xml version="1.0" encoding="UTF-8"?>
<!-- Generated by org.testng.reporters.JUnitReportReporter -->
<testsuite skipped="0" hostname="Kiproshs-MacBook-Pro.local" name="com.trackive_next_test.SignUpError3_Test" tests="2" failures="0" timestamp="08 Dec 2017 09:57:27 GMT" time="2.942" errors="0">
  <testcase name="emailFormatInvalid2" time="0.150" classname="com.trackive_next_test.SignUpError3_Test"/>
  <testcase name="emailFormatInvalid1" time="2.792" classname="com.trackive_next_test.SignUpError3_Test"/>
</testsuite> <!-- com.trackive_next_test.SignUpError3_Test -->
