<?xml version="1.0" encoding="UTF-8"?>
<!-- Generated by org.testng.reporters.JUnitReportReporter -->
<testsuite skipped="0" hostname="Kiproshs-MacBook-Pro.local" name="com.trackive_next_test.SignUp" tests="2" failures="0" timestamp="08 Dec 2017 06:23:46 GMT" time="4.668" errors="0">
  <testcase name="clickSignUp" time="2.115" classname="com.trackive_next_test.SignUp"/>
  <testcase name="fillInfo" time="2.553" classname="com.trackive_next_test.SignUp"/>
</testsuite> <!-- com.trackive_next_test.SignUp -->
