<?xml version="1.0" encoding="UTF-8"?>
<!-- Generated by org.testng.reporters.JUnitReportReporter -->
<testsuite skipped="0" hostname="Kiproshs-MacBook-Pro.local" name="com.trackive_next_test.Valid_Login" tests="1" failures="0" timestamp="08 Dec 2017 06:36:05 GMT" time="2.470" errors="0">
  <testcase name="validLogin" time="2.470" classname="com.trackive_next_test.Valid_Login"/>
</testsuite> <!-- com.trackive_next_test.Valid_Login -->
