<?xml version="1.0" encoding="UTF-8"?>
<!-- Generated by org.testng.reporters.JUnitReportReporter -->
<testsuite skipped="0" hostname="Kiproshs-MacBook-Pro.local" name="com.trackive_next_test.SubDomainError_Test" tests="1" failures="0" timestamp="08 Dec 2017 13:07:46 GMT" time="0.699" errors="0">
  <testcase name="domainRequired" time="0.699" classname="com.trackive_next_test.SubDomainError_Test"/>
</testsuite> <!-- com.trackive_next_test.SubDomainError_Test -->
