<?xml version="1.0" encoding="UTF-8"?>
<!-- Generated by org.testng.reporters.JUnitReportReporter -->
<testsuite skipped="0" hostname="Kiproshs-MacBook-Pro.local" name="com.trackive_next_test.SignUpError2_Test" tests="2" failures="0" timestamp="08 Dec 2017 09:51:32 GMT" time="2.793" errors="0">
  <testcase name="emailReq1" time="2.654" classname="com.trackive_next_test.SignUpError2_Test"/>
  <testcase name="emailReq2" time="0.139" classname="com.trackive_next_test.SignUpError2_Test"/>
</testsuite> <!-- com.trackive_next_test.SignUpError2_Test -->
