<?xml version="1.0" encoding="UTF-8"?>
<!-- Generated by org.testng.reporters.JUnitReportReporter -->
<testsuite skipped="0" hostname="Kiproshs-MacBook-Pro.local" name="com.trackive_next_test.InValid2_Login" tests="1" failures="0" timestamp="07 Dec 2017 10:18:49 GMT" time="0.482" errors="0">
  <testcase name="pwdWarning" time="0.482" classname="com.trackive_next_test.InValid2_Login"/>
</testsuite> <!-- com.trackive_next_test.InValid2_Login -->
