<?xml version="1.0" encoding="UTF-8"?>
<!-- Generated by org.testng.reporters.JUnitReportReporter -->
<testsuite skipped="0" hostname="Kiproshs-MacBook-Pro.local" name="com.trackive_next_test.InValid_Login" tests="3" failures="0" timestamp="08 Dec 2017 06:36:15 GMT" time="8.921" errors="0">
  <testcase name="emptyEmail" time="2.460" classname="com.trackive_next_test.InValid_Login"/>
  <testcase name="inCorrectEmailPwd" time="3.969" classname="com.trackive_next_test.InValid_Login"/>
  <testcase name="emailFormat" time="2.492" classname="com.trackive_next_test.InValid_Login"/>
</testsuite> <!-- com.trackive_next_test.InValid_Login -->
