<?xml version="1.0" encoding="UTF-8"?>
<!-- Generated by org.testng.reporters.JUnitReportReporter -->
<testsuite skipped="0" hostname="Kiproshs-MacBook-Pro.local" name="com.trackive_next_test.Error2_Test" tests="1" failures="0" timestamp="08 Dec 2017 13:07:56 GMT" time="2.572" errors="0">
  <testcase name="emptyEmail" time="2.572" classname="com.trackive_next_test.Error2_Test"/>
</testsuite> <!-- com.trackive_next_test.Error2_Test -->
