<?xml version="1.0" encoding="UTF-8"?>
<!-- Generated by org.testng.reporters.JUnitReportReporter -->
<testsuite skipped="0" hostname="Kiproshs-MacBook-Pro.local" name="com.trackive_next_test.Error4_Test" tests="1" failures="0" timestamp="08 Dec 2017 13:08:01 GMT" time="2.527" errors="0">
  <testcase name="pwdWarning" time="2.527" classname="com.trackive_next_test.Error4_Test"/>
</testsuite> <!-- com.trackive_next_test.Error4_Test -->
