<?xml version="1.0" encoding="UTF-8"?>
<!-- Generated by org.testng.reporters.JUnitReportReporter -->
<testsuite skipped="0" hostname="Kiproshs-MacBook-Pro.local" name="com.trackive_next_test.SgnUpPage_Test" tests="2" failures="0" timestamp="08 Dec 2017 13:07:51 GMT" time="4.755" errors="0">
  <testcase name="clickSignUp" time="2.125" classname="com.trackive_next_test.SgnUpPage_Test"/>
  <testcase name="fillInfo" time="2.630" classname="com.trackive_next_test.SgnUpPage_Test"/>
</testsuite> <!-- com.trackive_next_test.SgnUpPage_Test -->
