<?xml version="1.0" encoding="UTF-8"?>
<!-- Generated by org.testng.reporters.JUnitReportReporter -->
<testsuite skipped="0" hostname="Kiproshs-MacBook-Pro.local" name="com.trackive_next_test.Error3_Test" tests="1" failures="0" timestamp="11 Dec 2017 06:15:32 GMT" time="2.752" errors="0">
  <testcase name="emailFormat" time="2.752" classname="com.trackive_next_test.Error3_Test"/>
</testsuite> <!-- com.trackive_next_test.Error3_Test -->
