<?xml version="1.0" encoding="UTF-8"?>
<!-- Generated by org.testng.reporters.JUnitReportReporter -->
<testsuite skipped="0" hostname="Kiproshs-MacBook-Pro.local" name="com.trackive_next_test.SignUpInvalid" tests="1" failures="0" timestamp="08 Dec 2017 07:02:06 GMT" time="2.621" errors="0">
  <testcase name="SignUpErr1" time="2.621" classname="com.trackive_next_test.SignUpInvalid"/>
</testsuite> <!-- com.trackive_next_test.SignUpInvalid -->
